<?xml version="1.0" encoding="UTF-8"?>
<!-- Generated by org.testng.reporters.JUnitReportReporter -->
<testsuite hostname="DESKTOP-GLQB8E9" failures="0" tests="1" name="com.enverx.testcases.ValidateUserForgotPassword" time="10.997" errors="0" timestamp="2024-02-07T19:47:53 IST" skipped="0">
  <testcase classname="com.enverx.testcases.ValidateUserForgotPassword" name="validateuserforgotpassword" time="10.997"/>
  <system-out/>
</testsuite> <!-- com.enverx.testcases.ValidateUserForgotPassword -->
