<?xml version="1.0" encoding="UTF-8"?>
<!-- Generated by org.testng.reporters.JUnitReportReporter -->
<testsuite hostname="DESKTOP-GLQB8E9" failures="0" tests="1" name="com.enverx.testcases.UserLoginwithValidEmailID" time="14.693" errors="0" timestamp="2024-02-08T11:46:24 IST" skipped="0">
  <testcase classname="com.enverx.testcases.UserLoginwithValidEmailID" name="UserloginwithValidEmailIdTest" time="14.693"/>
  <system-out/>
</testsuite> <!-- com.enverx.testcases.UserLoginwithValidEmailID -->
