<?xml version="1.0" encoding="UTF-8"?>
<!-- Generated by org.testng.reporters.JUnitReportReporter -->
<testsuite hostname="DESKTOP-GLQB8E9" failures="0" tests="1" name="com.enverx.testcases.ValidateChangePassword" time="20.746" errors="0" timestamp="2024-02-12T15:32:17 IST" skipped="0">
  <testcase classname="com.enverx.testcases.ValidateChangePassword" name="validatechangepasswordtest" time="20.746"/>
  <system-out/>
</testsuite> <!-- com.enverx.testcases.ValidateChangePassword -->
