<?xml version="1.0" encoding="UTF-8"?>
<!-- Generated by org.testng.reporters.JUnitReportReporter -->
<testsuite hostname="DESKTOP-GLQB8E9" failures="0" tests="1" name="com.enverx.testcases.ValidateUserProfileEdit" time="27.497" errors="0" timestamp="2024-02-09T16:33:21 IST" skipped="0">
  <testcase classname="com.enverx.testcases.ValidateUserProfileEdit" name="validateuserprofileedit" time="27.497"/>
  <system-out/>
</testsuite> <!-- com.enverx.testcases.ValidateUserProfileEdit -->
