<?xml version="1.0" encoding="UTF-8"?>
<!-- Generated by org.testng.reporters.JUnitReportReporter -->
<testsuite hostname="DESKTOP-GLQB8E9" failures="0" tests="1" name="com.enverx.testcases.ValidateUserLoginasInvestor" time="9.629" errors="0" timestamp="2024-02-12T11:47:53 IST" skipped="0">
  <testcase classname="com.enverx.testcases.ValidateUserLoginasInvestor" name="ValidateUserLoginasInvestorTest" time="9.629"/>
  <system-out/>
</testsuite> <!-- com.enverx.testcases.ValidateUserLoginasInvestor -->
