<?xml version="1.0" encoding="UTF-8"?>
<!-- Generated by org.testng.reporters.JUnitReportReporter -->
<testsuite hostname="DESKTOP-GLQB8E9" failures="0" tests="1" name="com.enverx.testcases.ValidateInviteUserasInvestor" time="38.128" errors="0" timestamp="2024-02-06T16:15:57 IST" skipped="0">
  <testcase classname="com.enverx.testcases.ValidateInviteUserasInvestor" name="validateinviteuserasinvestor" time="38.128"/>
  <system-out/>
</testsuite> <!-- com.enverx.testcases.ValidateInviteUserasInvestor -->
