<?xml version="1.0" encoding="UTF-8"?>
<!-- Generated by org.testng.reporters.JUnitReportReporter -->
<testsuite hostname="DESKTOP-GLQB8E9" failures="0" tests="1" name="com.enverx.testcases.ValidateInviteUser" time="32.724" errors="0" timestamp="2024-02-06T15:57:16 IST" skipped="0">
  <testcase classname="com.enverx.testcases.ValidateInviteUser" name="validateinviteusertest" time="32.724"/>
  <system-out/>
</testsuite> <!-- com.enverx.testcases.ValidateInviteUser -->
