<?xml version="1.0" encoding="UTF-8"?>
<!-- Generated by org.testng.reporters.JUnitReportReporter -->
<testsuite hostname="DESKTOP-GLQB8E9" failures="0" tests="1" name="com.enverx.testcases.ValidateUserLoginPageElements" time="3.074" errors="0" timestamp="2024-02-12T12:49:01 IST" skipped="0">
  <testcase classname="com.enverx.testcases.ValidateUserLoginPageElements" name="validateuserloginpageelementstest" time="3.074"/>
  <system-out/>
</testsuite> <!-- com.enverx.testcases.ValidateUserLoginPageElements -->
