<?xml version="1.0" encoding="UTF-8"?>
<!-- Generated by org.testng.reporters.JUnitReportReporter -->
<testsuite hostname="DESKTOP-GLQB8E9" failures="0" tests="1" name="l1.TestNGAssertionsExample" time="0.015" errors="0" timestamp="2024-01-08T13:22:26 IST" skipped="0">
  <testcase classname="l1.TestNGAssertionsExample" name="testAssertions" time="0.015"/>
</testsuite> <!-- l1.TestNGAssertionsExample -->
