<?xml version="1.0" encoding="UTF-8"?>
<!-- Generated by org.testng.reporters.JUnitReportReporter -->
<testsuite hostname="DESKTOP-GLQB8E9" failures="0" tests="1" name="com.enverx.testcases.ValidateUser2FAthroughAuthenticatorApp" time="16.699" errors="0" timestamp="2024-01-15T13:02:13 IST" skipped="0">
  <testcase classname="com.enverx.testcases.ValidateUser2FAthroughAuthenticatorApp" name="authTest" time="16.699"/>
  <system-out/>
</testsuite> <!-- com.enverx.testcases.ValidateUser2FAthroughAuthenticatorApp -->
