<?xml version="1.0" encoding="UTF-8"?>
<!-- Generated by org.testng.reporters.JUnitReportReporter -->
<testsuite hostname="DESKTOP-GLQB8E9" failures="0" tests="1" name="com.enverx.testcases.ValidateApplicationURL" time="2.474" errors="0" timestamp="2024-02-12T11:52:29 IST" skipped="0">
  <testcase classname="com.enverx.testcases.ValidateApplicationURL" name="validateapplicationurltest" time="2.474"/>
  <system-out/>
</testsuite> <!-- com.enverx.testcases.ValidateApplicationURL -->
