<?xml version="1.0" encoding="UTF-8"?>
<!-- Generated by org.testng.reporters.JUnitReportReporter -->
<testsuite hostname="DESKTOP-GLQB8E9" failures="0" tests="1" name="l1.BasicTestNGExample" time="0.006" errors="0" timestamp="2024-01-08T13:17:15 IST" skipped="0">
  <testcase classname="l1.BasicTestNGExample" name="simpleTest" time="0.006"/>
</testsuite> <!-- l1.BasicTestNGExample -->
