<?xml version="1.0" encoding="UTF-8"?>
<!-- Generated by org.testng.reporters.JUnitReportReporter -->
<testsuite hostname="DESKTOP-GLQB8E9" failures="0" tests="1" name="com.enverx.testcases.LoginwithValidEmailID" time="7.206" errors="0" timestamp="2024-02-06T15:38:28 IST" skipped="0">
  <testcase classname="com.enverx.testcases.LoginwithValidEmailID" name="loginTest" time="7.206"/>
  <system-out/>
</testsuite> <!-- com.enverx.testcases.LoginwithValidEmailID -->
