<?xml version="1.0" encoding="UTF-8"?>
<!-- Generated by org.testng.reporters.JUnitReportReporter -->
<testsuite hostname="DESKTOP-GLQB8E9" failures="0" tests="1" name="com.enverx.testcases.ValidateAdminMissingPassword" time="6.909" errors="0" timestamp="2024-02-07T19:14:42 IST" skipped="0">
  <testcase classname="com.enverx.testcases.ValidateAdminMissingPassword" name="adminMissingPassword" time="6.909"/>
  <system-out/>
</testsuite> <!-- com.enverx.testcases.ValidateAdminMissingPassword -->
