<?xml version="1.0" encoding="UTF-8"?>
<!-- Generated by org.testng.reporters.JUnitReportReporter -->
<testsuite hostname="DESKTOP-GLQB8E9" failures="0" tests="1" name="com.enverx.testcases.ValidateAdminForgotPassword" time="2.546" errors="0" timestamp="2024-01-17T11:39:34 IST" skipped="0">
  <testcase classname="com.enverx.testcases.ValidateAdminForgotPassword" name="validateAdminForgotPassword" time="2.546"/>
  <system-out/>
</testsuite> <!-- com.enverx.testcases.ValidateAdminForgotPassword -->
