<?xml version="1.0" encoding="UTF-8"?>
<!-- Generated by org.testng.reporters.JUnitReportReporter -->
<testsuite hostname="DESKTOP-GLQB8E9" failures="0" tests="1" name="com.enverx.testcases.ValidateUserLogOut" time="31.420" errors="0" timestamp="2024-02-09T15:50:59 IST" skipped="0">
  <testcase classname="com.enverx.testcases.ValidateUserLogOut" name="validateuserlogoutTest" time="31.420"/>
  <system-out/>
</testsuite> <!-- com.enverx.testcases.ValidateUserLogOut -->
