<?xml version="1.0" encoding="UTF-8"?>
<!-- Generated by org.testng.reporters.JUnitReportReporter -->
<testsuite hostname="DESKTOP-GLQB8E9" failures="0" tests="1" name="com.enverx.testcases.ValidateAdminMissingEmail" time="1.295" errors="0" timestamp="2024-02-07T18:31:33 IST" skipped="0">
  <testcase classname="com.enverx.testcases.ValidateAdminMissingEmail" name="adminMissingEmail" time="1.295"/>
  <system-out/>
</testsuite> <!-- com.enverx.testcases.ValidateAdminMissingEmail -->
