<?xml version="1.0" encoding="UTF-8"?>
<!-- Generated by org.testng.reporters.JUnitReportReporter -->
<testsuite hostname="DESKTOP-GLQB8E9" failures="0" tests="1" name="com.enverx.testcases.ValidateAdminLoginwithInValidPassword" time="12.537" errors="0" timestamp="2024-01-16T15:14:07 IST" skipped="0">
  <testcase classname="com.enverx.testcases.ValidateAdminLoginwithInValidPassword" name="validateAdminLoginwithInValidPassword" time="12.537"/>
  <system-out/>
</testsuite> <!-- com.enverx.testcases.ValidateAdminLoginwithInValidPassword -->
