<?xml version="1.0" encoding="UTF-8"?>
<!-- Generated by org.testng.reporters.JUnitReportReporter -->
<testsuite hostname="DESKTOP-GLQB8E9" failures="0" tests="1" name="com.enverx.testcases.ValidateUserLoginwithInValidEmailId" time="17.447" errors="0" timestamp="2024-02-07T19:33:56 IST" skipped="0">
  <testcase classname="com.enverx.testcases.ValidateUserLoginwithInValidEmailId" name="validateuserloginwithinvalidemailid" time="17.447"/>
  <system-out/>
</testsuite> <!-- com.enverx.testcases.ValidateUserLoginwithInValidEmailId -->
