<?xml version="1.0" encoding="UTF-8"?>
<!-- Generated by org.testng.reporters.JUnitReportReporter -->
<testsuite hostname="DESKTOP-GLQB8E9" failures="0" tests="1" name="com.enverx.testcases.ValidateUserForgotPasswordPageElements" time="3.980" errors="0" timestamp="2024-02-12T13:22:09 IST" skipped="0">
  <testcase classname="com.enverx.testcases.ValidateUserForgotPasswordPageElements" name="validateuserforgotpasswordpageelementstest" time="3.980"/>
  <system-out/>
</testsuite> <!-- com.enverx.testcases.ValidateUserForgotPasswordPageElements -->
